TN:
SF:src/core/EventBus.js
FN:2,(anonymous_0)
FN:6,(anonymous_1)
FN:20,(anonymous_2)
FN:30,(anonymous_3)
FN:34,(anonymous_4)
FN:43,(anonymous_5)
FNF:6
FNH:6
FNDA:11,(anonymous_0)
FNDA:14,(anonymous_1)
FNDA:2,(anonymous_2)
FNDA:3,(anonymous_3)
FNDA:3,(anonymous_4)
FNDA:1,(anonymous_5)
DA:3,11
DA:7,14
DA:8,3
DA:10,11
DA:11,3
DA:14,8
DA:15,6
DA:17,8
DA:21,2
DA:23,1
DA:24,1
DA:25,1
DA:26,1
DA:31,3
DA:33,2
DA:34,2
DA:35,3
DA:36,3
DA:38,1
DA:44,1
LF:20
LH:20
BRDA:7,0,0,3
BRDA:7,0,1,11
BRDA:7,1,0,14
BRDA:7,1,1,11
BRDA:10,2,0,3
BRDA:10,2,1,8
BRDA:10,3,0,11
BRDA:10,3,1,9
BRDA:14,4,0,6
BRDA:14,4,1,2
BRDA:21,5,0,1
BRDA:21,5,1,1
BRDA:25,6,0,1
BRDA:25,6,1,0
BRDA:31,7,0,1
BRDA:31,7,1,2
BRF:16
BRH:15
end_of_record
TN:
SF:src/core/Game.js
FN:9,(anonymous_0)
FN:31,(anonymous_1)
FN:62,(anonymous_2)
FN:74,(anonymous_3)
FN:96,(anonymous_4)
FN:125,(anonymous_5)
FN:126,(anonymous_6)
FN:131,(anonymous_7)
FN:139,(anonymous_8)
FN:147,(anonymous_9)
FN:158,(anonymous_10)
FN:165,(anonymous_11)
FN:169,(anonymous_12)
FN:175,(anonymous_13)
FN:183,(anonymous_14)
FN:215,(anonymous_15)
FN:227,(anonymous_16)
FN:238,(anonymous_17)
FNF:18
FNH:10
FNDA:7,(anonymous_0)
FNDA:7,(anonymous_1)
FNDA:7,(anonymous_2)
FNDA:7,(anonymous_3)
FNDA:0,(anonymous_4)
FNDA:0,(anonymous_5)
FNDA:0,(anonymous_6)
FNDA:0,(anonymous_7)
FNDA:2,(anonymous_8)
FNDA:0,(anonymous_9)
FNDA:0,(anonymous_10)
FNDA:2,(anonymous_11)
FNDA:0,(anonymous_12)
FNDA:0,(anonymous_13)
FNDA:2,(anonymous_14)
FNDA:7,(anonymous_15)
FNDA:7,(anonymous_16)
FNDA:7,(anonymous_17)
DA:11,7
DA:18,7
DA:19,7
DA:20,7
DA:21,7
DA:22,7
DA:23,7
DA:24,7
DA:25,7
DA:26,7
DA:27,7
DA:28,7
DA:33,7
DA:34,0
DA:36,7
DA:38,7
DA:39,7
DA:41,0
DA:43,7
DA:44,7
DA:45,7
DA:50,7
DA:53,7
DA:56,7
DA:59,7
DA:63,7
DA:64,7
DA:65,7
DA:66,7
DA:67,7
DA:68,7
DA:70,0
DA:76,7
DA:77,7
DA:80,7
DA:86,7
DA:87,7
DA:90,7
DA:93,7
DA:97,0
DA:99,0
DA:100,0
DA:101,0
DA:104,0
DA:110,0
DA:111,0
DA:114,0
DA:116,0
DA:119,0
DA:121,0
DA:126,0
DA:127,0
DA:128,0
DA:132,0
DA:133,0
DA:134,0
DA:135,0
DA:140,2
DA:141,2
DA:142,0
DA:143,0
DA:148,0
DA:150,0
DA:151,0
DA:152,0
DA:153,0
DA:155,0
DA:156,0
DA:158,0
DA:160,0
DA:161,0
DA:166,2
DA:170,0
DA:171,0
DA:176,0
DA:177,0
DA:178,0
DA:179,0
DA:184,2
DA:186,2
DA:187,2
DA:189,0
DA:192,2
DA:193,2
DA:195,0
DA:198,2
DA:199,0
DA:200,0
DA:201,0
DA:205,2
DA:206,2
DA:207,2
DA:210,2
DA:211,2
DA:212,2
DA:217,7
DA:222,7
DA:223,7
DA:224,7
DA:229,7
DA:232,7
DA:235,7
DA:239,7
DA:240,7
DA:242,6
DA:243,6
DA:244,6
DA:246,1
LF:108
LH:64
BRDA:9,0,0,0
BRDA:12,1,0,7
BRDA:12,1,1,7
BRDA:13,2,0,7
BRDA:13,2,1,0
BRDA:14,3,0,7
BRDA:14,3,1,0
BRDA:33,4,0,0
BRDA:33,4,1,7
BRDA:38,5,0,7
BRDA:38,5,1,0
BRDA:65,6,0,7
BRDA:65,6,1,0
BRDA:66,7,0,7
BRDA:66,7,1,0
BRDA:67,8,0,7
BRDA:67,8,1,7
BRDA:68,9,0,7
BRDA:68,9,1,0
BRDA:132,10,0,0
BRDA:132,10,1,0
BRDA:141,11,0,0
BRDA:141,11,1,2
BRDA:148,12,0,0
BRDA:148,12,1,0
BRDA:170,13,0,0
BRDA:170,13,1,0
BRDA:170,14,0,0
BRDA:170,14,1,0
BRDA:170,14,2,0
BRDA:176,15,0,0
BRDA:176,15,1,0
BRDA:176,16,0,0
BRDA:176,16,1,0
BRDA:198,17,0,0
BRDA:198,17,1,2
BRDA:199,18,0,0
BRDA:199,18,1,0
BRDA:205,19,0,2
BRDA:205,19,1,0
BRDA:240,20,0,6
BRDA:240,20,1,1
BRF:42
BRH:16
end_of_record
TN:
SF:src/ecs/Component.js
FN:2,(anonymous_0)
FN:7,(anonymous_1)
FN:17,(anonymous_2)
FN:21,(anonymous_3)
FN:26,(anonymous_4)
FNF:5
FNH:5
FNDA:33,(anonymous_0)
FNDA:10,(anonymous_1)
FNDA:1,(anonymous_2)
FNDA:1,(anonymous_3)
FNDA:1,(anonymous_4)
DA:3,33
DA:4,33
DA:8,10
DA:9,3
DA:10,3
DA:12,7
DA:13,7
DA:14,7
DA:22,1
DA:27,1
LF:10
LH:10
BRDA:7,0,0,10
BRDA:8,1,0,3
BRDA:8,1,1,7
BRF:3
BRH:3
end_of_record
TN:
SF:src/ecs/Entity.js
FN:2,(anonymous_0)
FN:9,(anonymous_1)
FN:16,(anonymous_2)
FN:20,(anonymous_3)
FN:24,(anonymous_4)
FN:34,(anonymous_5)
FN:37,(anonymous_6)
FN:44,(anonymous_7)
FN:45,(anonymous_8)
FN:54,(anonymous_9)
FNF:10
FNH:9
FNDA:10,(anonymous_0)
FNDA:7,(anonymous_1)
FNDA:1,(anonymous_2)
FNDA:3,(anonymous_3)
FNDA:1,(anonymous_4)
FNDA:2,(anonymous_5)
FNDA:1,(anonymous_6)
FNDA:1,(anonymous_7)
FNDA:1,(anonymous_8)
FNDA:0,(anonymous_9)
DA:3,10
DA:4,10
DA:5,10
DA:6,10
DA:10,7
DA:11,7
DA:12,7
DA:13,7
DA:17,1
DA:21,3
DA:25,1
DA:26,1
DA:27,1
DA:28,1
DA:30,1
DA:35,2
DA:37,1
DA:38,1
DA:39,1
DA:45,1
DA:46,1
DA:47,1
DA:50,1
DA:51,1
DA:55,0
DA:56,0
DA:58,0
DA:59,0
DA:60,0
LF:29
LH:24
BRDA:26,0,0,1
BRDA:26,0,1,0
BRDA:27,1,0,1
BRDA:27,1,1,0
BRDA:35,2,0,1
BRDA:35,2,1,1
BRDA:38,3,0,1
BRDA:38,3,1,0
BRDA:46,4,0,1
BRDA:46,4,1,0
BRDA:55,5,0,0
BRDA:55,5,1,0
BRF:12
BRH:6
end_of_record
TN:
SF:src/ecs/System.js
FN:2,(anonymous_0)
FN:9,(anonymous_1)
FN:13,(anonymous_2)
FN:17,(anonymous_3)
FN:23,(anonymous_4)
FN:29,(anonymous_5)
FN:34,(anonymous_6)
FNF:7
FNH:6
FNDA:17,(anonymous_0)
FNDA:9,(anonymous_1)
FNDA:1,(anonymous_2)
FNDA:5,(anonymous_3)
FNDA:4,(anonymous_4)
FNDA:1,(anonymous_5)
FNDA:0,(anonymous_6)
DA:3,17
DA:4,17
DA:5,17
DA:6,17
DA:10,9
DA:18,5
DA:19,3
DA:24,4
DA:25,2
DA:30,1
DA:31,1
DA:35,0
LF:12
LH:11
BRDA:10,0,0,9
BRDA:10,0,1,3
BRDA:18,1,0,3
BRDA:18,1,1,2
BRDA:18,2,0,5
BRDA:18,2,1,3
BRDA:24,3,0,2
BRDA:24,3,1,2
BRDA:35,4,0,0
BRDA:35,4,1,0
BRF:10
BRH:8
end_of_record
TN:
SF:src/ecs/World.js
FN:4,(anonymous_0)
FN:11,(anonymous_1)
FN:17,(anonymous_2)
FN:24,(anonymous_3)
FN:32,(anonymous_4)
FN:36,(anonymous_5)
FN:40,(anonymous_6)
FN:57,(anonymous_7)
FN:65,(anonymous_8)
FN:73,(anonymous_9)
FN:74,(anonymous_10)
FN:75,(anonymous_11)
FN:79,(anonymous_12)
FN:103,(anonymous_13)
FNF:14
FNH:12
FNDA:11,(anonymous_0)
FNDA:0,(anonymous_1)
FNDA:2,(anonymous_2)
FNDA:0,(anonymous_3)
FNDA:2,(anonymous_4)
FNDA:1,(anonymous_5)
FNDA:5,(anonymous_6)
FNDA:1,(anonymous_7)
FNDA:1,(anonymous_8)
FNDA:1,(anonymous_9)
FNDA:1,(anonymous_10)
FNDA:1,(anonymous_11)
FNDA:2,(anonymous_12)
FNDA:1,(anonymous_13)
DA:5,11
DA:6,11
DA:7,11
DA:8,11
DA:12,0
DA:14,0
DA:18,2
DA:19,2
DA:20,2
DA:21,2
DA:25,0
DA:26,0
DA:28,0
DA:29,0
DA:33,2
DA:37,1
DA:42,5
DA:43,5
DA:46,5
DA:49,5
DA:52,5
DA:53,5
DA:58,1
DA:59,1
DA:60,0
DA:62,1
DA:66,1
DA:67,1
DA:68,1
DA:70,1
DA:74,1
DA:75,1
DA:81,2
DA:82,1
DA:83,1
DA:88,2
DA:89,1
DA:90,1
DA:92,1
DA:93,0
DA:94,0
DA:97,1
DA:100,2
DA:105,1
DA:106,1
DA:107,1
DA:110,1
DA:113,1
DA:114,1
DA:115,0
DA:116,0
DA:120,1
DA:121,1
LF:53
LH:42
BRDA:25,0,0,0
BRDA:25,0,1,0
BRDA:52,1,0,5
BRDA:52,1,1,0
BRDA:59,2,0,0
BRDA:59,2,1,1
BRDA:67,3,0,1
BRDA:67,3,1,0
BRDA:67,4,0,1
BRDA:67,4,1,1
BRDA:82,5,0,1
BRDA:82,5,1,0
BRDA:90,6,0,1
BRDA:90,6,1,0
BRDA:93,7,0,0
BRDA:93,7,1,0
BRDA:106,8,0,1
BRDA:106,8,1,0
BRDA:115,9,0,0
BRDA:115,9,1,0
BRF:20
BRH:8
end_of_record
TN:
SF:src/ecs/components/AudioComponent.js
FN:4,(anonymous_0)
FN:15,(anonymous_1)
FN:19,(anonymous_2)
FN:26,(anonymous_3)
FN:33,(anonymous_4)
FN:40,(anonymous_5)
FN:47,(anonymous_6)
FN:54,(anonymous_7)
FNF:8
FNH:0
FNDA:0,(anonymous_0)
FNDA:0,(anonymous_1)
FNDA:0,(anonymous_2)
FNDA:0,(anonymous_3)
FNDA:0,(anonymous_4)
FNDA:0,(anonymous_5)
FNDA:0,(anonymous_6)
FNDA:0,(anonymous_7)
DA:5,0
DA:6,0
DA:7,0
DA:8,0
DA:9,0
DA:10,0
DA:11,0
DA:12,0
DA:16,0
DA:20,0
DA:21,0
DA:22,0
DA:27,0
DA:28,0
DA:29,0
DA:34,0
DA:35,0
DA:36,0
DA:41,0
DA:42,0
DA:43,0
DA:48,0
DA:49,0
DA:50,0
DA:55,0
DA:56,0
DA:57,0
DA:58,0
LF:28
LH:0
BRDA:4,0,0,0
BRDA:6,1,0,0
BRDA:6,1,1,0
BRDA:7,2,0,0
BRDA:7,2,1,0
BRDA:8,3,0,0
BRDA:8,3,1,0
BRDA:9,4,0,0
BRDA:9,4,1,0
BRDA:10,5,0,0
BRDA:10,5,1,0
BRDA:11,6,0,0
BRDA:11,6,1,0
BRDA:21,7,0,0
BRDA:21,7,1,0
BRDA:28,8,0,0
BRDA:28,8,1,0
BRDA:35,9,0,0
BRDA:35,9,1,0
BRDA:42,10,0,0
BRDA:42,10,1,0
BRDA:43,11,0,0
BRDA:43,11,1,0
BRDA:49,12,0,0
BRDA:49,12,1,0
BRDA:55,13,0,0
BRDA:55,13,1,0
BRF:27
BRH:0
end_of_record
TN:
SF:src/ecs/components/BuildingFootprintComponent.js
FN:5,(anonymous_0)
FN:21,(anonymous_1)
FN:41,(anonymous_2)
FN:57,(anonymous_3)
FN:61,(anonymous_4)
FN:63,(anonymous_5)
FN:87,(anonymous_6)
FN:112,(anonymous_7)
FN:116,(anonymous_8)
FN:120,(anonymous_9)
FN:124,(anonymous_10)
FN:128,(anonymous_11)
FNF:12
FNH:12
FNDA:15,(anonymous_0)
FNDA:16,(anonymous_1)
FNDA:1,(anonymous_2)
FNDA:1,(anonymous_3)
FNDA:1,(anonymous_4)
FNDA:4,(anonymous_5)
FNDA:1,(anonymous_6)
FNDA:1,(anonymous_7)
FNDA:1,(anonymous_8)
FNDA:1,(anonymous_9)
FNDA:1,(anonymous_10)
FNDA:1,(anonymous_11)
DA:6,15
DA:7,15
DA:8,15
DA:9,15
DA:10,15
DA:11,15
DA:12,15
DA:13,15
DA:14,15
DA:15,15
DA:16,15
DA:17,15
DA:18,15
DA:22,16
DA:23,16
DA:24,0
DA:26,16
DA:27,4
DA:29,16
DA:30,16
DA:31,16
DA:32,16
DA:33,16
DA:34,16
DA:35,16
DA:36,16
DA:37,16
DA:38,16
DA:42,1
DA:43,1
DA:48,1
DA:53,1
DA:54,1
DA:58,1
DA:62,1
DA:63,4
DA:64,1
DA:66,1
DA:67,1
DA:68,4
DA:69,4
DA:71,1
DA:74,0
DA:75,0
DA:78,0
DA:79,0
DA:80,0
DA:81,0
DA:84,0
DA:88,1
DA:89,1
DA:90,1
DA:91,4
DA:92,4
DA:93,4
DA:95,1
DA:98,0
DA:99,0
DA:102,0
DA:103,0
DA:104,0
DA:105,0
DA:106,0
DA:107,0
DA:109,0
DA:113,1
DA:117,1
DA:121,1
DA:125,1
DA:129,1
DA:130,1
DA:131,1
DA:132,1
DA:133,1
DA:134,1
DA:135,1
DA:136,1
DA:137,1
DA:138,1
DA:139,1
DA:140,1
LF:81
LH:64
BRDA:21,0,0,11
BRDA:23,1,0,0
BRDA:23,1,1,16
BRDA:26,2,0,4
BRDA:26,2,1,12
BRDA:29,3,0,16
BRDA:29,3,1,11
BRDA:30,4,0,16
BRDA:30,4,1,15
BRDA:31,5,0,16
BRDA:31,5,1,15
BRDA:32,6,0,16
BRDA:32,6,1,15
BRDA:33,7,0,16
BRDA:33,7,1,15
BRDA:34,8,0,16
BRDA:34,8,1,15
BRDA:35,9,0,16
BRDA:35,9,1,15
BRDA:36,10,0,16
BRDA:36,10,1,15
BRDA:37,11,0,16
BRDA:37,11,1,15
BRDA:62,12,0,1
BRDA:62,12,1,0
BRDA:64,13,0,0
BRDA:64,13,1,1
BRDA:74,14,0,0
BRDA:74,14,1,0
BRDA:74,15,0,0
BRDA:74,15,1,0
BRDA:88,16,0,1
BRDA:88,16,1,0
BRDA:98,17,0,0
BRDA:98,17,1,0
BRDA:98,18,0,0
BRDA:98,18,1,0
BRF:37
BRH:25
end_of_record
TN:
SF:src/ecs/components/BuildingInteractionComponent.js
FN:5,(anonymous_0)
FN:16,(anonymous_1)
FN:32,(anonymous_2)
FN:40,(anonymous_3)
FN:44,(anonymous_4)
FN:52,(anonymous_5)
FN:63,(anonymous_6)
FN:71,(anonymous_7)
FN:81,(anonymous_8)
FN:83,(anonymous_9)
FN:89,(anonymous_10)
FN:96,(anonymous_11)
FN:104,(anonymous_12)
FN:114,(anonymous_13)
FNF:14
FNH:13
FNDA:17,(anonymous_0)
FNDA:5,(anonymous_1)
FNDA:8,(anonymous_2)
FNDA:1,(anonymous_3)
FNDA:1,(anonymous_4)
FNDA:2,(anonymous_5)
FNDA:8,(anonymous_6)
FNDA:1,(anonymous_7)
FNDA:7,(anonymous_8)
FNDA:7,(anonymous_9)
FNDA:2,(anonymous_10)
FNDA:0,(anonymous_11)
FNDA:1,(anonymous_12)
FNDA:1,(anonymous_13)
DA:6,17
DA:7,17
DA:8,17
DA:9,17
DA:10,17
DA:11,17
DA:12,17
DA:13,17
DA:17,5
DA:19,5
DA:20,1
DA:23,5
DA:24,1
DA:27,5
DA:28,1
DA:33,8
DA:34,0
DA:36,8
DA:37,8
DA:41,1
DA:45,1
DA:46,0
DA:49,1
DA:50,1
DA:52,1
DA:53,2
DA:54,2
DA:55,1
DA:56,1
DA:60,1
DA:64,8
DA:65,8
DA:67,8
DA:68,8
DA:72,1
DA:73,1
DA:74,1
DA:75,1
DA:78,1
DA:82,7
DA:83,7
DA:84,7
DA:90,2
DA:97,0
DA:98,0
DA:100,0
DA:101,0
DA:106,1
DA:107,1
DA:108,1
DA:109,0
DA:115,1
DA:116,1
DA:117,1
DA:118,1
DA:119,1
DA:120,1
DA:121,1
LF:58
LH:51
BRDA:16,0,0,0
BRDA:19,1,0,1
BRDA:19,1,1,4
BRDA:23,2,0,1
BRDA:23,2,1,4
BRDA:27,3,0,1
BRDA:27,3,1,4
BRDA:33,4,0,0
BRDA:33,4,1,8
BRDA:45,5,0,0
BRDA:45,5,1,1
BRDA:54,6,0,1
BRDA:54,6,1,1
BRDA:64,7,0,8
BRDA:64,7,1,0
BRDA:72,8,0,1
BRDA:72,8,1,0
BRDA:74,9,0,1
BRDA:74,9,1,0
BRDA:82,10,0,7
BRDA:82,10,1,0
BRDA:98,11,0,0
BRDA:98,11,1,0
BRDA:108,12,0,0
BRDA:108,12,1,1
BRF:25
BRH:15
end_of_record
TN:
SF:src/ecs/components/BuildingMaterialComponent.js
FN:5,(anonymous_0)
FN:19,(anonymous_1)
FN:25,(anonymous_2)
FN:31,(anonymous_3)
FN:37,(anonymous_4)
FN:43,(anonymous_5)
FN:49,(anonymous_6)
FN:55,(anonymous_7)
FN:61,(anonymous_8)
FN:70,(anonymous_9)
FN:74,(anonymous_10)
FN:78,(anonymous_11)
FN:82,(anonymous_12)
FN:86,(anonymous_13)
FN:90,(anonymous_14)
FN:94,(anonymous_15)
FN:103,(anonymous_16)
FN:124,(anonymous_17)
FN:142,(anonymous_18)
FN:147,(anonymous_19)
FN:152,(anonymous_20)
FN:157,(anonymous_21)
FN:159,(anonymous_22)
FN:163,(anonymous_23)
FN:167,(anonymous_24)
FN:171,(anonymous_25)
FN:175,(anonymous_26)
FN:180,(anonymous_27)
FN:201,(anonymous_28)
FN:206,(anonymous_29)
FN:207,(anonymous_30)
FN:208,(anonymous_31)
FN:209,(anonymous_32)
FN:210,(anonymous_33)
FN:211,(anonymous_34)
FN:212,(anonymous_35)
FNF:36
FNH:20
FNDA:6,(anonymous_0)
FNDA:1,(anonymous_1)
FNDA:1,(anonymous_2)
FNDA:1,(anonymous_3)
FNDA:1,(anonymous_4)
FNDA:1,(anonymous_5)
FNDA:0,(anonymous_6)
FNDA:0,(anonymous_7)
FNDA:1,(anonymous_8)
FNDA:2,(anonymous_9)
FNDA:2,(anonymous_10)
FNDA:1,(anonymous_11)
FNDA:1,(anonymous_12)
FNDA:0,(anonymous_13)
FNDA:0,(anonymous_14)
FNDA:1,(anonymous_15)
FNDA:4,(anonymous_16)
FNDA:2,(anonymous_17)
FNDA:1,(anonymous_18)
FNDA:1,(anonymous_19)
FNDA:1,(anonymous_20)
FNDA:3,(anonymous_21)
FNDA:3,(anonymous_22)
FNDA:0,(anonymous_23)
FNDA:0,(anonymous_24)
FNDA:0,(anonymous_25)
FNDA:0,(anonymous_26)
FNDA:3,(anonymous_27)
FNDA:0,(anonymous_28)
FNDA:0,(anonymous_29)
FNDA:0,(anonymous_30)
FNDA:0,(anonymous_31)
FNDA:0,(anonymous_32)
FNDA:0,(anonymous_33)
FNDA:0,(anonymous_34)
FNDA:0,(anonymous_35)
DA:6,6
DA:7,6
DA:8,6
DA:9,6
DA:10,6
DA:11,6
DA:12,6
DA:13,6
DA:14,6
DA:15,6
DA:16,6
DA:20,1
DA:21,1
DA:22,1
DA:24,1
DA:25,1
DA:26,1
DA:30,1
DA:31,1
DA:32,1
DA:36,1
DA:37,1
DA:38,1
DA:42,1
DA:43,1
DA:44,1
DA:48,1
DA:49,0
DA:50,0
DA:54,1
DA:55,0
DA:56,0
DA:60,1
DA:61,1
DA:71,2
DA:75,2
DA:79,1
DA:83,1
DA:87,0
DA:91,0
DA:95,1
DA:104,4
DA:117,4
DA:118,0
DA:121,4
DA:125,2
DA:126,1
DA:129,1
DA:130,1
DA:131,1
DA:133,1
DA:134,1
DA:136,1
DA:137,1
DA:139,1
DA:143,1
DA:144,1
DA:148,1
DA:149,1
DA:153,1
DA:154,1
DA:159,3
DA:160,3
DA:163,3
DA:164,0
DA:167,3
DA:168,0
DA:171,3
DA:172,0
DA:175,3
DA:176,0
DA:182,3
DA:183,3
DA:184,3
DA:185,3
DA:186,3
DA:190,3
DA:191,2
DA:192,2
DA:196,3
DA:197,1
DA:203,0
DA:207,0
DA:208,0
DA:209,0
DA:210,0
DA:211,0
DA:212,0
DA:214,0
DA:215,0
DA:216,0
DA:217,0
DA:218,0
DA:219,0
DA:220,0
LF:95
LH:70
BRDA:20,0,0,1
BRDA:20,0,1,0
BRDA:21,1,0,1
BRDA:21,1,1,0
BRDA:22,2,0,1
BRDA:22,2,1,0
BRDA:24,3,0,1
BRDA:24,3,1,0
BRDA:30,4,0,1
BRDA:30,4,1,0
BRDA:36,5,0,1
BRDA:36,5,1,0
BRDA:42,6,0,1
BRDA:42,6,1,0
BRDA:48,7,0,0
BRDA:48,7,1,1
BRDA:54,8,0,0
BRDA:54,8,1,1
BRDA:60,9,0,1
BRDA:60,9,1,0
BRDA:65,10,0,1
BRDA:65,10,1,0
BRDA:94,11,0,0
BRDA:105,12,0,4
BRDA:105,12,1,0
BRDA:106,13,0,4
BRDA:106,13,1,3
BRDA:107,14,0,4
BRDA:107,14,1,3
BRDA:108,15,0,0
BRDA:108,15,1,4
BRDA:109,16,0,0
BRDA:109,16,1,4
BRDA:110,17,0,0
BRDA:110,17,1,4
BRDA:111,18,0,4
BRDA:111,18,1,4
BRDA:112,19,0,4
BRDA:112,19,1,4
BRDA:113,20,0,4
BRDA:113,20,1,4
BRDA:114,21,0,4
BRDA:114,21,1,4
BRDA:117,22,0,0
BRDA:117,22,1,4
BRDA:125,23,0,1
BRDA:125,23,1,1
BRDA:130,24,0,1
BRDA:130,24,1,0
BRDA:133,25,0,1
BRDA:133,25,1,0
BRDA:136,26,0,1
BRDA:136,26,1,0
BRDA:182,27,0,3
BRDA:182,27,1,0
BRDA:190,28,0,2
BRDA:190,28,1,1
BRDA:196,29,0,1
BRDA:196,29,1,2
BRF:59
BRH:38
end_of_record
TN:
SF:src/ecs/components/BuildingResourceComponent.js
FN:4,(anonymous_0)
FN:16,(anonymous_1)
FN:45,(anonymous_2)
FN:53,(anonymous_3)
FN:60,(anonymous_4)
FN:67,(anonymous_5)
FN:71,(anonymous_6)
FN:79,(anonymous_7)
FN:83,(anonymous_8)
FN:87,(anonymous_9)
FN:91,(anonymous_10)
FN:95,(anonymous_11)
FN:99,(anonymous_12)
FN:108,(anonymous_13)
FN:115,(anonymous_14)
FN:123,(anonymous_15)
FN:130,(anonymous_16)
FN:138,(anonymous_17)
FN:181,(anonymous_18)
FN:189,(anonymous_19)
FNF:20
FNH:18
FNDA:23,(anonymous_0)
FNDA:5,(anonymous_1)
FNDA:1,(anonymous_2)
FNDA:14,(anonymous_3)
FNDA:5,(anonymous_4)
FNDA:9,(anonymous_5)
FNDA:2,(anonymous_6)
FNDA:1,(anonymous_7)
FNDA:6,(anonymous_8)
FNDA:4,(anonymous_9)
FNDA:6,(anonymous_10)
FNDA:0,(anonymous_11)
FNDA:5,(anonymous_12)
FNDA:4,(anonymous_13)
FNDA:10,(anonymous_14)
FNDA:1,(anonymous_15)
FNDA:5,(anonymous_16)
FNDA:4,(anonymous_17)
FNDA:1,(anonymous_18)
FNDA:0,(anonymous_19)
DA:5,23
DA:6,23
DA:7,23
DA:8,23
DA:9,23
DA:10,23
DA:11,23
DA:12,23
DA:13,23
DA:18,5
DA:19,5
DA:20,5
DA:22,0
DA:25,5
DA:26,5
DA:27,1
DA:30,5
DA:32,5
DA:33,1
DA:36,5
DA:37,1
DA:40,5
DA:41,1
DA:44,5
DA:45,1
DA:48,5
DA:50,5
DA:54,14
DA:55,14
DA:56,14
DA:57,14
DA:61,5
DA:62,5
DA:63,5
DA:64,5
DA:68,9
DA:72,2
DA:73,2
DA:74,4
DA:76,2
DA:80,1
DA:84,6
DA:88,4
DA:92,6
DA:96,0
DA:100,5
DA:101,2
DA:102,2
DA:103,4
DA:105,2
DA:109,4
DA:110,4
DA:112,4
DA:116,10
DA:117,9
DA:118,9
DA:120,1
DA:124,1
DA:125,1
DA:126,1
DA:127,1
DA:131,5
DA:140,4
DA:141,4
DA:142,4
DA:143,4
DA:144,4
DA:149,4
DA:150,3
DA:151,3
DA:154,3
DA:157,3
DA:163,3
DA:166,3
DA:169,3
DA:171,1
DA:172,1
DA:173,0
DA:176,1
DA:182,1
DA:183,1
DA:184,1
DA:185,1
DA:186,1
DA:190,0
DA:191,0
LF:86
LH:81
BRDA:16,0,0,1
BRDA:18,1,0,5
BRDA:18,1,1,0
BRDA:18,2,0,5
BRDA:18,2,1,5
BRDA:25,3,0,5
BRDA:25,3,1,0
BRDA:26,4,0,1
BRDA:26,4,1,4
BRDA:30,5,0,5
BRDA:30,5,1,4
BRDA:32,6,0,1
BRDA:32,6,1,4
BRDA:36,7,0,1
BRDA:36,7,1,4
BRDA:40,8,0,1
BRDA:40,8,1,4
BRDA:44,9,0,1
BRDA:44,9,1,4
BRDA:48,10,0,5
BRDA:48,10,1,5
BRDA:54,11,0,14
BRDA:54,11,1,11
BRDA:61,12,0,5
BRDA:61,12,1,0
BRDA:68,13,0,9
BRDA:68,13,1,0
BRDA:88,14,0,4
BRDA:88,14,1,1
BRDA:96,15,0,0
BRDA:96,15,1,0
BRDA:100,16,0,3
BRDA:100,16,1,2
BRDA:112,17,0,3
BRDA:112,17,1,1
BRDA:116,18,0,9
BRDA:116,18,1,1
BRDA:125,19,0,0
BRDA:125,19,1,1
BRDA:143,20,0,4
BRDA:143,20,1,0
BRDA:169,21,0,1
BRDA:169,21,1,2
BRDA:172,22,0,0
BRDA:172,22,1,1
BRF:45
BRH:36
end_of_record
TN:
SF:src/ecs/components/CollisionComponent.js
FN:5,(anonymous_0)
FN:19,(anonymous_1)
FN:26,(anonymous_2)
FN:33,(anonymous_3)
FN:40,(anonymous_4)
FN:47,(anonymous_5)
FN:51,(anonymous_6)
FN:55,(anonymous_7)
FN:59,(anonymous_8)
FN:63,(anonymous_9)
FN:67,(anonymous_10)
FN:71,(anonymous_11)
FN:75,(anonymous_12)
FNF:13
FNH:0
FNDA:0,(anonymous_0)
FNDA:0,(anonymous_1)
FNDA:0,(anonymous_2)
FNDA:0,(anonymous_3)
FNDA:0,(anonymous_4)
FNDA:0,(anonymous_5)
FNDA:0,(anonymous_6)
FNDA:0,(anonymous_7)
FNDA:0,(anonymous_8)
FNDA:0,(anonymous_9)
FNDA:0,(anonymous_10)
FNDA:0,(anonymous_11)
FNDA:0,(anonymous_12)
DA:6,0
DA:7,0
DA:8,0
DA:9,0
DA:10,0
DA:11,0
DA:12,0
DA:13,0
DA:14,0
DA:15,0
DA:16,0
DA:20,0
DA:21,0
DA:22,0
DA:23,0
DA:27,0
DA:28,0
DA:29,0
DA:34,0
DA:35,0
DA:36,0
DA:41,0
DA:42,0
DA:43,0
DA:48,0
DA:52,0
DA:56,0
DA:60,0
DA:64,0
DA:68,0
DA:72,0
DA:76,0
DA:77,0
DA:78,0
DA:80,0
DA:81,0
LF:36
LH:0
BRDA:5,0,0,0
BRDA:7,1,0,0
BRDA:7,1,1,0
BRDA:8,2,0,0
BRDA:8,2,1,0
BRDA:9,3,0,0
BRDA:9,3,1,0
BRDA:10,4,0,0
BRDA:10,4,1,0
BRDA:11,5,0,0
BRDA:11,5,1,0
BRDA:12,6,0,0
BRDA:12,6,1,0
BRDA:13,7,0,0
BRDA:13,7,1,0
BRDA:16,8,0,0
BRDA:16,8,1,0
BRDA:28,9,0,0
BRDA:28,9,1,0
BRDA:35,10,0,0
BRDA:35,10,1,0
BRDA:42,11,0,0
BRDA:42,11,1,0
BRDA:76,12,0,0
BRDA:76,12,1,0
BRF:25
BRH:0
end_of_record
TN:
SF:src/ecs/components/Component.js
FN:2,(anonymous_0)
FN:8,(anonymous_1)
FN:17,(anonymous_2)
FN:21,(anonymous_3)
FN:26,(anonymous_4)
FN:30,(anonymous_5)
FN:34,(anonymous_6)
FNF:7
FNH:3
FNDA:55,(anonymous_0)
FNDA:26,(anonymous_1)
FNDA:0,(anonymous_2)
FNDA:2,(anonymous_3)
FNDA:0,(anonymous_4)
FNDA:0,(anonymous_5)
FNDA:0,(anonymous_6)
DA:3,55
DA:4,55
DA:5,55
DA:9,26
DA:10,5
DA:11,5
DA:13,21
DA:14,21
DA:22,2
DA:23,2
DA:27,0
DA:31,0
DA:35,0
LF:13
LH:10
BRDA:9,0,0,5
BRDA:9,0,1,21
BRF:2
BRH:2
end_of_record
TN:
SF:src/ecs/components/InputComponent.js
FN:4,(anonymous_0)
FN:32,(anonymous_1)
FN:46,(anonymous_2)
FN:91,(anonymous_3)
FN:95,(anonymous_4)
FN:99,(anonymous_5)
FN:104,(anonymous_6)
FN:109,(anonymous_7)
FN:117,(anonymous_8)
FN:121,(anonymous_9)
FN:125,(anonymous_10)
FN:129,(anonymous_11)
FN:142,(anonymous_12)
FN:146,(anonymous_13)
FN:150,(anonymous_14)
FN:154,(anonymous_15)
FN:158,(anonymous_16)
FN:163,(anonymous_17)
FN:177,(anonymous_18)
FN:181,(anonymous_19)
FN:185,(anonymous_20)
FN:189,(anonymous_21)
FN:194,(anonymous_22)
FN:198,(anonymous_23)
FN:202,(anonymous_24)
FN:206,(anonymous_25)
FNF:26
FNH:0
FNDA:0,(anonymous_0)
FNDA:0,(anonymous_1)
FNDA:0,(anonymous_2)
FNDA:0,(anonymous_3)
FNDA:0,(anonymous_4)
FNDA:0,(anonymous_5)
FNDA:0,(anonymous_6)
FNDA:0,(anonymous_7)
FNDA:0,(anonymous_8)
FNDA:0,(anonymous_9)
FNDA:0,(anonymous_10)
FNDA:0,(anonymous_11)
FNDA:0,(anonymous_12)
FNDA:0,(anonymous_13)
FNDA:0,(anonymous_14)
FNDA:0,(anonymous_15)
FNDA:0,(anonymous_16)
FNDA:0,(anonymous_17)
FNDA:0,(anonymous_18)
FNDA:0,(anonymous_19)
FNDA:0,(anonymous_20)
FNDA:0,(anonymous_21)
FNDA:0,(anonymous_22)
FNDA:0,(anonymous_23)
FNDA:0,(anonymous_24)
FNDA:0,(anonymous_25)
DA:5,0
DA:7,0
DA:10,0
DA:11,0
DA:12,0
DA:13,0
DA:16,0
DA:17,0
DA:18,0
DA:19,0
DA:22,0
DA:23,0
DA:24,0
DA:25,0
DA:26,0
DA:29,0
DA:33,0
DA:34,0
DA:35,0
DA:36,0
DA:39,0
DA:40,0
DA:41,0
DA:42,0
DA:43,0
DA:48,0
DA:49,0
DA:50,0
DA:53,0
DA:54,0
DA:55,0
DA:56,0
DA:60,0
DA:61,0
DA:62,0
DA:63,0
DA:67,0
DA:68,0
DA:72,0
DA:75,0
DA:78,0
DA:79,0
DA:81,0
DA:85,0
DA:88,0
DA:92,0
DA:96,0
DA:100,0
DA:101,0
DA:105,0
DA:106,0
DA:110,0
DA:112,0
DA:113,0
DA:118,0
DA:122,0
DA:126,0
DA:130,0
DA:133,0
DA:134,0
DA:135,0
DA:138,0
DA:139,0
DA:143,0
DA:147,0
DA:151,0
DA:155,0
DA:159,0
DA:160,0
DA:165,0
DA:166,0
DA:167,0
DA:168,0
DA:169,0
DA:171,0
DA:172,0
DA:173,0
DA:178,0
DA:182,0
DA:186,0
DA:190,0
DA:195,0
DA:199,0
DA:203,0
DA:207,0
DA:208,0
DA:209,0
DA:210,0
DA:212,0
LF:89
LH:0
BRDA:53,0,0,0
BRDA:53,0,1,0
BRDA:55,1,0,0
BRDA:55,1,1,0
BRDA:60,2,0,0
BRDA:60,2,1,0
BRDA:62,3,0,0
BRDA:62,3,1,0
BRDA:67,4,0,0
BRDA:67,4,1,0
BRDA:72,5,0,0
BRDA:72,5,1,0
BRDA:78,6,0,0
BRDA:78,6,1,0
BRDA:78,7,0,0
BRDA:78,7,1,0
BRDA:112,8,0,0
BRDA:112,8,1,0
BRDA:143,9,0,0
BRDA:143,9,1,0
BRDA:147,10,0,0
BRDA:147,10,1,0
BRDA:208,11,0,0
BRDA:208,11,1,0
BRF:24
BRH:0
end_of_record
TN:
SF:src/ecs/components/MeshComponent.js
FN:5,(anonymous_0)
FN:14,(anonymous_1)
FN:21,(anonymous_2)
FN:28,(anonymous_3)
FN:35,(anonymous_4)
FN:42,(anonymous_5)
FN:49,(anonymous_6)
FN:57,(anonymous_7)
FN:68,(anonymous_8)
FNF:9
FNH:0
FNDA:0,(anonymous_0)
FNDA:0,(anonymous_1)
FNDA:0,(anonymous_2)
FNDA:0,(anonymous_3)
FNDA:0,(anonymous_4)
FNDA:0,(anonymous_5)
FNDA:0,(anonymous_6)
FNDA:0,(anonymous_7)
FNDA:0,(anonymous_8)
DA:6,0
DA:7,0
DA:8,0
DA:9,0
DA:10,0
DA:11,0
DA:15,0
DA:16,0
DA:17,0
DA:18,0
DA:22,0
DA:23,0
DA:24,0
DA:29,0
DA:30,0
DA:31,0
DA:36,0
DA:37,0
DA:38,0
DA:43,0
DA:44,0
DA:45,0
DA:50,0
DA:51,0
DA:52,0
DA:53,0
DA:58,0
DA:59,0
DA:60,0
DA:61,0
DA:63,0
DA:64,0
DA:66,0
DA:67,0
DA:68,0
DA:70,0
DA:74,0
LF:37
LH:0
BRDA:23,0,0,0
BRDA:23,0,1,0
BRDA:30,1,0,0
BRDA:30,1,1,0
BRDA:37,2,0,0
BRDA:37,2,1,0
BRDA:44,3,0,0
BRDA:44,3,1,0
BRDA:50,4,0,0
BRDA:50,4,1,0
BRDA:59,5,0,0
BRDA:59,5,1,0
BRDA:60,6,0,0
BRDA:60,6,1,0
BRDA:63,7,0,0
BRDA:63,7,1,0
BRDA:66,8,0,0
BRDA:66,8,1,0
BRDA:67,9,0,0
BRDA:67,9,1,0
BRF:20
BRH:0
end_of_record
TN:
SF:src/ecs/components/PhysicsBody.js
FN:5,(anonymous_0)
FN:15,(anonymous_1)
FN:22,(anonymous_2)
FN:26,(anonymous_3)
FN:30,(anonymous_4)
FN:34,(anonymous_5)
FN:38,(anonymous_6)
FN:45,(anonymous_7)
FN:52,(anonymous_8)
FN:59,(anonymous_9)
FN:66,(anonymous_10)
FN:70,(anonymous_11)
FN:74,(anonymous_12)
FN:78,(anonymous_13)
FN:82,(anonymous_14)
FN:86,(anonymous_15)
FN:102,(anonymous_16)
FNF:17
FNH:0
FNDA:0,(anonymous_0)
FNDA:0,(anonymous_1)
FNDA:0,(anonymous_2)
FNDA:0,(anonymous_3)
FNDA:0,(anonymous_4)
FNDA:0,(anonymous_5)
FNDA:0,(anonymous_6)
FNDA:0,(anonymous_7)
FNDA:0,(anonymous_8)
FNDA:0,(anonymous_9)
FNDA:0,(anonymous_10)
FNDA:0,(anonymous_11)
FNDA:0,(anonymous_12)
FNDA:0,(anonymous_13)
FNDA:0,(anonymous_14)
FNDA:0,(anonymous_15)
FNDA:0,(anonymous_16)
DA:6,0
DA:7,0
DA:8,0
DA:9,0
DA:10,0
DA:11,0
DA:12,0
DA:16,0
DA:17,0
DA:18,0
DA:19,0
DA:23,0
DA:27,0
DA:31,0
DA:35,0
DA:39,0
DA:40,0
DA:41,0
DA:46,0
DA:47,0
DA:48,0
DA:53,0
DA:54,0
DA:55,0
DA:60,0
DA:61,0
DA:62,0
DA:67,0
DA:71,0
DA:75,0
DA:79,0
DA:83,0
DA:87,0
DA:88,0
DA:89,0
DA:90,0
DA:91,0
DA:92,0
DA:94,0
DA:95,0
DA:96,0
DA:97,0
DA:98,0
LF:43
LH:0
BRDA:5,0,0,0
BRDA:22,1,0,0
BRDA:26,2,0,0
BRDA:30,3,0,0
BRDA:34,4,0,0
BRDA:40,5,0,0
BRDA:40,5,1,0
BRDA:47,6,0,0
BRDA:47,6,1,0
BRDA:54,7,0,0
BRDA:54,7,1,0
BRDA:61,8,0,0
BRDA:61,8,1,0
BRDA:94,9,0,0
BRDA:94,9,1,0
BRF:15
BRH:0
end_of_record
TN:
SF:src/ecs/components/TerrainComponent.js
FN:5,(anonymous_0)
FN:16,(anonymous_1)
FN:24,(anonymous_2)
FN:29,(anonymous_3)
FN:34,(anonymous_4)
FN:39,(anonymous_5)
FN:44,(anonymous_6)
FN:49,(anonymous_7)
FN:54,(anonymous_8)
FN:58,(anonymous_9)
FN:65,(anonymous_10)
FN:69,(anonymous_11)
FN:82,(anonymous_12)
FN:95,(anonymous_13)
FNF:14
FNH:14
FNDA:16,(anonymous_0)
FNDA:2,(anonymous_1)
FNDA:16,(anonymous_2)
FNDA:16,(anonymous_3)
FNDA:2,(anonymous_4)
FNDA:2,(anonymous_5)
FNDA:2,(anonymous_6)
FNDA:2,(anonymous_7)
FNDA:2,(anonymous_8)
FNDA:2,(anonymous_9)
FNDA:2,(anonymous_10)
FNDA:1,(anonymous_11)
FNDA:1,(anonymous_12)
FNDA:1,(anonymous_13)
DA:6,16
DA:7,16
DA:8,16
DA:9,16
DA:10,16
DA:11,16
DA:12,16
DA:13,16
DA:17,2
DA:18,2
DA:19,2
DA:20,2
DA:25,16
DA:26,16
DA:30,16
DA:31,16
DA:35,2
DA:36,2
DA:40,2
DA:41,2
DA:45,2
DA:46,2
DA:50,2
DA:51,2
DA:55,2
DA:59,2
DA:60,2
DA:61,1
DA:66,2
DA:70,1
DA:71,1
DA:72,1
DA:73,1
DA:74,1
DA:76,1
DA:77,1
DA:79,1
DA:83,1
DA:84,1
DA:85,1
DA:86,1
DA:87,1
DA:89,1
DA:90,1
DA:92,1
DA:96,1
DA:97,1
DA:98,1
DA:99,1
LF:49
LH:49
BRDA:17,0,0,2
BRDA:17,0,1,0
BRDA:18,1,0,2
BRDA:18,1,1,1
BRDA:19,2,0,2
BRDA:19,2,1,1
BRDA:20,3,0,2
BRDA:20,3,1,1
BRDA:31,4,0,16
BRDA:31,4,1,3
BRDA:60,5,0,1
BRDA:60,5,1,1
BRF:12
BRH:11
end_of_record
TN:
SF:src/ecs/components/VehicleComponent.js
FN:5,(anonymous_0)
FN:47,(anonymous_1)
FN:54,(anonymous_2)
FN:60,(anonymous_3)
FN:73,(anonymous_4)
FN:78,(anonymous_5)
FN:91,(anonymous_6)
FNF:7
FNH:0
FNDA:0,(anonymous_0)
FNDA:0,(anonymous_1)
FNDA:0,(anonymous_2)
FNDA:0,(anonymous_3)
FNDA:0,(anonymous_4)
FNDA:0,(anonymous_5)
FNDA:0,(anonymous_6)
DA:6,0
DA:7,0
DA:10,0
DA:11,0
DA:12,0
DA:13,0
DA:16,0
DA:17,0
DA:18,0
DA:19,0
DA:22,0
DA:23,0
DA:26,0
DA:27,0
DA:28,0
DA:29,0
DA:32,0
DA:33,0
DA:34,0
DA:37,0
DA:40,0
DA:48,0
DA:49,0
DA:50,0
DA:51,0
DA:55,0
DA:56,0
DA:57,0
DA:61,0
DA:63,0
DA:64,0
DA:66,0
DA:67,0
DA:69,0
DA:70,0
DA:73,0
DA:74,0
DA:79,0
DA:80,0
DA:81,0
DA:82,0
DA:83,0
DA:84,0
DA:92,0
DA:93,0
LF:45
LH:0
BRDA:5,0,0,0
BRDA:10,1,0,0
BRDA:10,1,1,0
BRDA:11,2,0,0
BRDA:11,2,1,0
BRDA:12,3,0,0
BRDA:12,3,1,0
BRDA:13,4,0,0
BRDA:13,4,1,0
BRDA:22,5,0,0
BRDA:22,5,1,0
BRDA:26,6,0,0
BRDA:26,6,1,0
BRDA:27,7,0,0
BRDA:27,7,1,0
BRDA:28,8,0,0
BRDA:28,8,1,0
BRDA:29,9,0,0
BRDA:29,9,1,0
BRDA:32,10,0,0
BRDA:32,10,1,0
BRDA:33,11,0,0
BRDA:33,11,1,0
BRDA:34,12,0,0
BRDA:34,12,1,0
BRDA:37,13,0,0
BRDA:37,13,1,0
BRDA:61,14,0,0
BRDA:61,14,1,0
BRDA:61,14,2,0
BRF:30
BRH:0
end_of_record
TN:
SF:src/ecs/components/VehicleControls.js
FN:5,(anonymous_0)
FN:26,(anonymous_1)
FN:33,(anonymous_2)
FN:73,(anonymous_3)
FN:135,(anonymous_4)
FN:144,(anonymous_5)
FNF:6
FNH:0
FNDA:0,(anonymous_0)
FNDA:0,(anonymous_1)
FNDA:0,(anonymous_2)
FNDA:0,(anonymous_3)
FNDA:0,(anonymous_4)
FNDA:0,(anonymous_5)
DA:6,0
DA:9,0
DA:10,0
DA:11,0
DA:12,0
DA:13,0
DA:16,0
DA:17,0
DA:18,0
DA:19,0
DA:22,0
DA:23,0
DA:27,0
DA:28,0
DA:29,0
DA:30,0
DA:35,0
DA:69,0
DA:70,0
DA:74,0
DA:76,0
DA:79,0
DA:81,0
DA:82,0
DA:83,0
DA:85,0
DA:86,0
DA:89,0
DA:90,0
DA:94,0
DA:95,0
DA:96,0
DA:98,0
DA:102,0
DA:105,0
DA:106,0
DA:107,0
DA:111,0
DA:113,0
DA:114,0
DA:118,0
DA:119,0
DA:123,0
DA:127,0
DA:128,0
DA:129,0
DA:136,0
DA:146,0
DA:147,0
DA:148,0
DA:149,0
LF:51
LH:0
BRDA:5,0,0,0
BRDA:9,1,0,0
BRDA:9,1,1,0
BRDA:10,2,0,0
BRDA:10,2,1,0
BRDA:11,3,0,0
BRDA:11,3,1,0
BRDA:12,4,0,0
BRDA:12,4,1,0
BRDA:13,5,0,0
BRDA:13,5,1,0
BRDA:22,6,0,0
BRDA:22,6,1,0
BRDA:69,7,0,0
BRDA:69,7,1,0
BRDA:74,8,0,0
BRDA:74,8,1,0
BRDA:74,9,0,0
BRDA:74,9,1,0
BRDA:74,9,2,0
BRDA:79,10,0,0
BRDA:79,10,1,0
BRDA:83,11,0,0
BRDA:83,11,1,0
BRDA:94,12,0,0
BRDA:94,12,1,0
BRDA:105,13,0,0
BRDA:105,13,1,0
BRDA:113,14,0,0
BRDA:113,14,1,0
BRDA:118,15,0,0
BRDA:118,15,1,0
BRF:32
BRH:0
end_of_record
TN:
SF:src/ecs/components/WeaponComponent.js
FN:5,(anonymous_0)
FN:21,(anonymous_1)
FN:34,(anonymous_2)
FN:46,(anonymous_3)
FN:52,(anonymous_4)
FN:61,(anonymous_5)
FN:69,(anonymous_6)
FN:73,(anonymous_7)
FNF:8
FNH:0
FNDA:0,(anonymous_0)
FNDA:0,(anonymous_1)
FNDA:0,(anonymous_2)
FNDA:0,(anonymous_3)
FNDA:0,(anonymous_4)
FNDA:0,(anonymous_5)
FNDA:0,(anonymous_6)
FNDA:0,(anonymous_7)
DA:6,0
DA:7,0
DA:8,0
DA:9,0
DA:10,0
DA:11,0
DA:12,0
DA:13,0
DA:14,0
DA:15,0
DA:16,0
DA:17,0
DA:18,0
DA:22,0
DA:23,0
DA:28,0
DA:29,0
DA:30,0
DA:31,0
DA:35,0
DA:36,0
DA:41,0
DA:42,0
DA:43,0
DA:47,0
DA:53,0
DA:55,0
DA:56,0
DA:59,0
DA:60,0
DA:61,0
DA:62,0
DA:66,0
DA:70,0
DA:72,0
DA:73,0
DA:74,0
DA:75,0
DA:78,0
LF:39
LH:0
BRDA:5,0,0,0
BRDA:7,1,0,0
BRDA:7,1,1,0
BRDA:8,2,0,0
BRDA:8,2,1,0
BRDA:9,3,0,0
BRDA:9,3,1,0
BRDA:10,4,0,0
BRDA:10,4,1,0
BRDA:11,5,0,0
BRDA:11,5,1,0
BRDA:12,6,0,0
BRDA:12,6,1,0
BRDA:13,7,0,0
BRDA:13,7,1,0
BRDA:18,8,0,0
BRDA:18,8,1,0
BRDA:47,9,0,0
BRDA:47,9,1,0
BRDA:47,9,2,0
BRDA:53,10,0,0
BRDA:53,10,1,0
BRDA:59,11,0,0
BRDA:59,11,1,0
BRDA:62,12,0,0
BRDA:62,12,1,0
BRDA:70,13,0,0
BRDA:70,13,1,0
BRDA:70,14,0,0
BRDA:70,14,1,0
BRF:30
BRH:0
end_of_record
TN:
SF:src/ecs/core/Component.js
FN:2,(anonymous_0)
FN:7,(anonymous_1)
FN:11,(anonymous_2)
FN:15,(anonymous_3)
FNF:4
FNH:0
FNDA:0,(anonymous_0)
FNDA:0,(anonymous_1)
FNDA:0,(anonymous_2)
FNDA:0,(anonymous_3)
DA:3,0
DA:4,0
DA:17,0
DA:18,0
LF:4
LH:0
BRF:0
BRH:0
end_of_record
TN:
SF:src/ecs/core/Entity.js
FN:2,(anonymous_0)
FN:7,(anonymous_1)
FN:12,(anonymous_2)
FN:16,(anonymous_3)
FN:20,(anonymous_4)
FN:21,(anonymous_5)
FNF:6
FNH:0
FNDA:0,(anonymous_0)
FNDA:0,(anonymous_1)
FNDA:0,(anonymous_2)
FNDA:0,(anonymous_3)
FNDA:0,(anonymous_4)
FNDA:0,(anonymous_5)
DA:3,0
DA:4,0
DA:8,0
DA:9,0
DA:13,0
DA:17,0
DA:21,0
LF:7
LH:0
BRF:0
BRH:0
end_of_record
TN:
SF:src/ecs/core/System.js
FN:2,(anonymous_0)
FN:8,(anonymous_1)
FN:13,(anonymous_2)
FN:17,(anonymous_3)
FN:21,(anonymous_4)
FNF:5
FNH:0
FNDA:0,(anonymous_0)
FNDA:0,(anonymous_1)
FNDA:0,(anonymous_2)
FNDA:0,(anonymous_3)
FNDA:0,(anonymous_4)
DA:3,0
DA:4,0
DA:5,0
DA:9,0
DA:10,0
DA:18,0
DA:22,0
LF:7
LH:0
BRDA:9,0,0,0
BRDA:9,0,1,0
BRF:2
BRH:0
end_of_record
TN:
SF:src/ecs/core/World.js
FN:4,(anonymous_0)
FN:11,(anonymous_1)
FN:16,(anonymous_2)
FN:24,(anonymous_3)
FN:28,(anonymous_4)
FN:32,(anonymous_5)
FN:49,(anonymous_6)
FN:60,(anonymous_7)
FN:68,(anonymous_8)
FN:92,(anonymous_9)
FN:102,(anonymous_10)
FNF:11
FNH:0
FNDA:0,(anonymous_0)
FNDA:0,(anonymous_1)
FNDA:0,(anonymous_2)
FNDA:0,(anonymous_3)
FNDA:0,(anonymous_4)
FNDA:0,(anonymous_5)
FNDA:0,(anonymous_6)
FNDA:0,(anonymous_7)
FNDA:0,(anonymous_8)
FNDA:0,(anonymous_9)
FNDA:0,(anonymous_10)
DA:5,0
DA:6,0
DA:7,0
DA:8,0
DA:12,0
DA:13,0
DA:17,0
DA:18,0
DA:19,0
DA:20,0
DA:21,0
DA:25,0
DA:29,0
DA:34,0
DA:35,0
DA:38,0
DA:41,0
DA:44,0
DA:45,0
DA:50,0
DA:51,0
DA:52,0
DA:53,0
DA:55,0
DA:56,0
DA:61,0
DA:62,0
DA:63,0
DA:65,0
DA:70,0
DA:71,0
DA:72,0
DA:77,0
DA:78,0
DA:79,0
DA:81,0
DA:82,0
DA:83,0
DA:86,0
DA:89,0
DA:93,0
DA:94,0
DA:95,0
DA:96,0
DA:99,0
DA:104,0
DA:105,0
DA:106,0
DA:109,0
DA:112,0
DA:113,0
DA:114,0
DA:115,0
DA:119,0
DA:120,0
LF:55
LH:0
BRDA:44,0,0,0
BRDA:44,0,1,0
BRDA:51,1,0,0
BRDA:51,1,1,0
BRDA:52,2,0,0
BRDA:52,2,1,0
BRDA:62,3,0,0
BRDA:62,3,1,0
BRDA:71,4,0,0
BRDA:71,4,1,0
BRDA:79,5,0,0
BRDA:79,5,1,0
BRDA:82,6,0,0
BRDA:82,6,1,0
BRDA:95,7,0,0
BRDA:95,7,1,0
BRDA:105,8,0,0
BRDA:105,8,1,0
BRDA:114,9,0,0
BRDA:114,9,1,0
BRF:20
BRH:0
end_of_record
TN:
SF:src/ecs/systems/AudioSystem.js
FN:7,(anonymous_0)
FN:13,(anonymous_1)
FN:14,(anonymous_2)
FN:15,(anonymous_3)
FN:16,(anonymous_4)
FN:20,(anonymous_5)
FN:29,(anonymous_6)
FN:53,(anonymous_7)
FN:88,(anonymous_8)
FN:98,(anonymous_9)
FN:110,(anonymous_10)
FN:118,(anonymous_11)
FN:124,(anonymous_12)
FNF:13
FNH:0
FNDA:0,(anonymous_0)
FNDA:0,(anonymous_1)
FNDA:0,(anonymous_2)
FNDA:0,(anonymous_3)
FNDA:0,(anonymous_4)
FNDA:0,(anonymous_5)
FNDA:0,(anonymous_6)
FNDA:0,(anonymous_7)
FNDA:0,(anonymous_8)
FNDA:0,(anonymous_9)
FNDA:0,(anonymous_10)
FNDA:0,(anonymous_11)
FNDA:0,(anonymous_12)
DA:8,0
DA:9,0
DA:10,0
DA:13,0
DA:21,0
DA:22,0
DA:23,0
DA:24,0
DA:25,0
DA:26,0
DA:30,0
DA:32,0
DA:33,0
DA:34,0
DA:35,0
DA:38,0
DA:39,0
DA:40,0
DA:41,0
DA:45,0
DA:46,0
DA:47,0
DA:49,0
DA:54,0
DA:56,0
DA:57,0
DA:58,0
DA:59,0
DA:62,0
DA:63,0
DA:64,0
DA:65,0
DA:74,0
DA:75,0
DA:76,0
DA:78,0
DA:79,0
DA:80,0
DA:81,0
DA:82,0
DA:89,0
DA:90,0
DA:91,0
DA:94,0
DA:95,0
DA:97,0
DA:98,0
DA:99,0
DA:100,0
DA:101,0
DA:102,0
DA:103,0
DA:106,0
DA:107,0
DA:111,0
DA:112,0
DA:113,0
DA:114,0
DA:119,0
DA:120,0
DA:126,0
DA:127,0
DA:128,0
DA:130,0
DA:133,0
DA:134,0
DA:135,0
DA:136,0
DA:137,0
DA:138,0
DA:143,0
LF:71
LH:0
BRDA:9,0,0,0
BRDA:9,0,1,0
BRDA:10,1,0,0
BRDA:10,1,1,0
BRDA:33,2,0,0
BRDA:33,2,1,0
BRDA:39,3,0,0
BRDA:39,3,1,0
BRDA:54,4,0,0
BRDA:54,4,1,0
BRDA:59,5,0,0
BRDA:59,5,1,0
BRDA:62,6,0,0
BRDA:62,6,1,0
BRDA:64,7,0,0
BRDA:64,7,1,0
BRDA:64,8,0,0
BRDA:64,8,1,0
BRDA:74,9,0,0
BRDA:74,9,1,0
BRDA:74,10,0,0
BRDA:74,10,1,0
BRDA:74,10,2,0
BRDA:76,11,0,0
BRDA:76,11,1,0
BRDA:79,12,0,0
BRDA:79,12,1,0
BRDA:79,13,0,0
BRDA:79,13,1,0
BRDA:88,14,0,0
BRDA:89,15,0,0
BRDA:89,15,1,0
BRDA:95,16,0,0
BRDA:95,16,1,0
BRDA:95,17,0,0
BRDA:95,17,1,0
BRDA:100,18,0,0
BRDA:100,18,1,0
BRDA:101,19,0,0
BRDA:101,19,1,0
BRDA:102,20,0,0
BRDA:102,20,1,0
BRDA:112,21,0,0
BRDA:112,21,1,0
BRDA:119,22,0,0
BRDA:119,22,1,0
BRDA:133,23,0,0
BRDA:133,23,1,0
BRDA:135,24,0,0
BRDA:135,24,1,0
BRDA:137,25,0,0
BRDA:137,25,1,0
BRF:52
BRH:0
end_of_record
TN:
SF:src/ecs/systems/BuildingSystem.js
FN:7,(anonymous_0)
FN:22,(anonymous_1)
FN:28,(anonymous_2)
FN:55,(anonymous_3)
FN:69,(anonymous_4)
FN:97,(anonymous_5)
FN:110,(anonymous_6)
FN:123,(anonymous_7)
FN:125,(anonymous_8)
FN:131,(anonymous_9)
FN:134,(anonymous_10)
FN:144,(anonymous_11)
FN:147,(anonymous_12)
FN:156,(anonymous_13)
FN:159,(anonymous_14)
FNF:15
FNH:10
FNDA:24,(anonymous_0)
FNDA:1,(anonymous_1)
FNDA:25,(anonymous_2)
FNDA:1,(anonymous_3)
FNDA:5,(anonymous_4)
FNDA:3,(anonymous_5)
FNDA:1,(anonymous_6)
FNDA:1,(anonymous_7)
FNDA:0,(anonymous_8)
FNDA:0,(anonymous_9)
FNDA:1,(anonymous_10)
FNDA:1,(anonymous_11)
FNDA:0,(anonymous_12)
FNDA:0,(anonymous_13)
FNDA:0,(anonymous_14)
DA:8,24
DA:9,24
DA:12,24
DA:13,24
DA:14,24
DA:15,24
DA:16,24
DA:17,24
DA:18,24
DA:21,24
DA:22,2
DA:23,1
DA:29,25
DA:30,0
DA:33,25
DA:52,25
DA:56,1
DA:57,0
DA:60,1
DA:66,1
DA:70,5
DA:71,1
DA:74,4
DA:75,4
DA:78,4
DA:79,4
DA:80,4
DA:82,4
DA:83,4
DA:84,4
DA:86,4
DA:87,4
DA:88,4
DA:91,4
DA:92,4
DA:94,4
DA:98,3
DA:99,1
DA:102,2
DA:107,2
DA:111,1
DA:112,0
DA:115,1
DA:120,1
DA:125,1
DA:126,0
DA:127,0
DA:128,0
DA:131,1
DA:134,1
DA:135,1
DA:136,1
DA:137,0
DA:138,0
DA:139,0
DA:140,0
DA:144,1
DA:147,1
DA:148,0
DA:149,0
DA:150,0
DA:151,0
DA:156,1
DA:160,0
DA:161,0
DA:162,0
DA:163,0
LF:67
LH:49
BRDA:7,0,0,0
BRDA:16,1,0,24
BRDA:16,1,1,22
BRDA:17,2,0,24
BRDA:17,2,1,23
BRDA:21,3,0,2
BRDA:21,3,1,22
BRDA:29,4,0,0
BRDA:29,4,1,25
BRDA:56,5,0,0
BRDA:56,5,1,1
BRDA:70,6,0,1
BRDA:70,6,1,4
BRDA:98,7,0,1
BRDA:98,7,1,2
BRDA:111,8,0,0
BRDA:111,8,1,1
BRDA:127,9,0,0
BRDA:127,9,1,0
BRDA:136,10,0,0
BRDA:136,10,1,1
BRDA:138,11,0,0
BRDA:138,11,1,0
BRDA:149,12,0,0
BRDA:149,12,1,0
BRDA:151,13,0,0
BRDA:151,13,1,0
BRF:27
BRH:14
end_of_record
TN:
SF:src/ecs/systems/System.js
FN:2,(anonymous_0)
FN:8,(anonymous_1)
FN:12,(anonymous_2)
FN:16,(anonymous_3)
FN:20,(anonymous_4)
FN:24,(anonymous_5)
FN:28,(anonymous_6)
FN:32,(anonymous_7)
FNF:8
FNH:1
FNDA:24,(anonymous_0)
FNDA:0,(anonymous_1)
FNDA:0,(anonymous_2)
FNDA:0,(anonymous_3)
FNDA:0,(anonymous_4)
FNDA:0,(anonymous_5)
FNDA:0,(anonymous_6)
FNDA:0,(anonymous_7)
DA:3,24
DA:4,24
DA:5,24
DA:21,0
DA:25,0
DA:29,0
DA:33,0
LF:7
LH:3
BRF:0
BRH:0
end_of_record
TN:
SF:src/ecs/systems/VehicleSystem.js
FN:14,(anonymous_0)
FN:31,(anonymous_1)
FN:39,(anonymous_2)
FN:123,(anonymous_3)
FN:132,(anonymous_4)
FN:143,(anonymous_5)
FN:154,(anonymous_6)
FN:167,(anonymous_7)
FN:215,(anonymous_8)
FN:266,(anonymous_9)
FN:304,(anonymous_10)
FN:320,(anonymous_11)
FN:360,(anonymous_12)
FN:374,(anonymous_13)
FN:481,(anonymous_14)
FN:498,(anonymous_15)
FN:521,(anonymous_16)
FN:542,(anonymous_17)
FN:547,(anonymous_18)
FN:571,(anonymous_19)
FN:578,(anonymous_20)
FNF:21
FNH:1
FNDA:7,(anonymous_0)
FNDA:0,(anonymous_1)
FNDA:0,(anonymous_2)
FNDA:0,(anonymous_3)
FNDA:0,(anonymous_4)
FNDA:0,(anonymous_5)
FNDA:0,(anonymous_6)
FNDA:0,(anonymous_7)
FNDA:0,(anonymous_8)
FNDA:0,(anonymous_9)
FNDA:0,(anonymous_10)
FNDA:0,(anonymous_11)
FNDA:0,(anonymous_12)
FNDA:0,(anonymous_13)
FNDA:0,(anonymous_14)
FNDA:0,(anonymous_15)
FNDA:0,(anonymous_16)
FNDA:0,(anonymous_17)
FNDA:0,(anonymous_18)
FNDA:0,(anonymous_19)
FNDA:0,(anonymous_20)
DA:15,7
DA:16,7
DA:17,7
DA:18,7
DA:19,7
DA:22,7
DA:23,7
DA:24,7
DA:25,7
DA:26,7
DA:27,7
DA:28,7
DA:32,0
DA:33,0
DA:34,0
DA:36,0
DA:40,0
DA:41,0
DA:44,0
DA:47,0
DA:54,0
DA:55,0
DA:58,0
DA:59,0
DA:67,0
DA:68,0
DA:69,0
DA:72,0
DA:80,0
DA:81,0
DA:84,0
DA:85,0
DA:86,0
DA:89,0
DA:90,0
DA:91,0
DA:94,0
DA:95,0
DA:96,0
DA:97,0
DA:98,0
DA:101,0
DA:102,0
DA:103,0
DA:106,0
DA:116,0
DA:117,0
DA:120,0
DA:123,0
DA:125,0
DA:126,0
DA:128,0
DA:129,0
DA:133,0
DA:140,0
DA:144,0
DA:151,0
DA:155,0
DA:163,0
DA:164,0
DA:169,0
DA:172,0
DA:180,0
DA:183,0
DA:184,0
DA:190,0
DA:191,0
DA:192,0
DA:193,0
DA:196,0
DA:202,0
DA:205,0
DA:206,0
DA:207,0
DA:208,0
DA:209,0
DA:210,0
DA:214,0
DA:215,0
DA:216,0
DA:217,0
DA:218,0
DA:219,0
DA:221,0
DA:225,0
DA:226,0
DA:227,0
DA:228,0
DA:229,0
DA:230,0
DA:234,0
DA:240,0
DA:245,0
DA:246,0
DA:247,0
DA:249,0
DA:250,0
DA:251,0
DA:252,0
DA:253,0
DA:254,0
DA:258,0
DA:259,0
DA:266,0
DA:267,0
DA:268,0
DA:269,0
DA:271,0
DA:275,0
DA:278,0
DA:279,0
DA:284,0
DA:285,0
DA:286,0
DA:289,0
DA:290,0
DA:291,0
DA:292,0
DA:293,0
DA:297,0
DA:298,0
DA:304,0
DA:305,0
DA:306,0
DA:307,0
DA:309,0
DA:313,0
DA:314,0
DA:320,0
DA:321,0
DA:322,0
DA:323,0
DA:324,0
DA:326,0
DA:330,0
DA:331,0
DA:338,0
DA:339,0
DA:340,0
DA:341,0
DA:345,0
DA:346,0
DA:347,0
DA:353,0
DA:360,0
DA:361,0
DA:362,0
DA:363,0
DA:364,0
DA:365,0
DA:369,0
DA:371,0
DA:375,0
DA:433,0
DA:436,0
DA:444,0
DA:446,0
DA:464,0
DA:465,0
DA:468,0
DA:469,0
DA:472,0
DA:473,0
DA:474,0
DA:477,0
DA:478,0
DA:481,0
DA:482,0
DA:484,0
DA:485,0
DA:486,0
DA:488,0
DA:489,0
DA:490,0
DA:492,0
DA:493,0
DA:499,0
DA:500,0
DA:501,0
DA:502,0
DA:503,0
DA:505,0
DA:508,0
DA:511,0
DA:514,0
DA:515,0
DA:516,0
DA:522,0
DA:523,0
DA:525,0
DA:530,0
DA:531,0
DA:532,0
DA:533,0
DA:535,0
DA:536,0
DA:544,0
DA:548,0
DA:549,0
DA:551,0
DA:552,0
DA:554,0
DA:555,0
DA:556,0
DA:558,0
DA:561,0
DA:562,0
DA:563,0
DA:564,0
DA:567,0
DA:568,0
DA:572,0
DA:573,0
DA:575,0
DA:579,0
DA:586,0
LF:216
LH:12
BRDA:33,0,0,0
BRDA:33,0,1,0
BRDA:39,1,0,0
BRDA:40,2,0,0
BRDA:40,2,1,0
BRDA:140,3,0,0
BRDA:140,3,1,0
BRDA:151,4,0,0
BRDA:151,4,1,0
BRDA:163,5,0,0
BRDA:163,5,1,0
BRDA:180,6,0,0
BRDA:180,6,1,0
BRDA:186,7,0,0
BRDA:186,7,1,0
BRDA:187,8,0,0
BRDA:187,8,1,0
BRDA:202,9,0,0
BRDA:202,9,1,0
BRDA:202,9,2,0
BRDA:202,9,3,0
BRDA:202,9,4,0
BRDA:275,10,0,0
BRDA:275,10,1,0
BRDA:275,10,2,0
BRDA:275,10,3,0
BRDA:433,11,0,0
BRDA:433,11,1,0
BRDA:444,12,0,0
BRDA:444,12,1,0
BRDA:482,13,0,0
BRDA:482,13,1,0
BRDA:486,14,0,0
BRDA:486,14,1,0
BRDA:489,15,0,0
BRDA:489,15,1,0
BRDA:490,16,0,0
BRDA:490,16,1,0
BRDA:505,17,0,0
BRDA:505,17,1,0
BRDA:505,18,0,0
BRDA:505,18,1,0
BRDA:505,18,2,0
BRDA:505,18,3,0
BRDA:514,19,0,0
BRDA:514,19,1,0
BRDA:523,20,0,0
BRDA:523,20,1,0
BRDA:531,21,0,0
BRDA:531,21,1,0
BRDA:535,22,0,0
BRDA:535,22,1,0
BRDA:549,23,0,0
BRDA:549,23,1,0
BRDA:554,24,0,0
BRDA:554,24,1,0
BRDA:555,25,0,0
BRDA:555,25,1,0
BRDA:561,26,0,0
BRDA:561,26,1,0
BRDA:561,27,0,0
BRDA:561,27,1,0
BRDA:586,28,0,0
BRDA:586,28,1,0
BRF:64
BRH:0
end_of_record
TN:
SF:src/importers/MapboxBuildingImporter.js
FN:5,(anonymous_0)
FN:20,(anonymous_1)
FN:27,(anonymous_2)
FN:41,(anonymous_3)
FN:73,(anonymous_4)
FN:78,(anonymous_5)
FN:87,(anonymous_6)
FN:116,(anonymous_7)
FN:129,(anonymous_8)
FNF:9
FNH:7
FNDA:11,(anonymous_0)
FNDA:1,(anonymous_1)
FNDA:1,(anonymous_2)
FNDA:3,(anonymous_3)
FNDA:2,(anonymous_4)
FNDA:2,(anonymous_5)
FNDA:0,(anonymous_6)
FNDA:0,(anonymous_7)
FNDA:1,(anonymous_8)
DA:6,11
DA:7,1
DA:9,10
DA:10,1
DA:13,9
DA:14,9
DA:15,9
DA:16,9
DA:17,9
DA:21,1
DA:22,1
DA:23,1
DA:24,1
DA:28,1
DA:29,1
DA:30,3
DA:31,9
DA:38,1
DA:42,3
DA:45,3
DA:46,1
DA:49,2
DA:51,2
DA:52,1
DA:55,1
DA:69,1
DA:70,1
DA:74,2
DA:75,0
DA:78,2
DA:84,2
DA:88,0
DA:89,0
DA:90,0
DA:93,0
DA:94,0
DA:95,0
DA:109,0
DA:110,0
DA:111,0
DA:113,0
DA:117,0
DA:118,0
DA:120,0
DA:121,0
DA:122,0
DA:123,0
DA:126,0
DA:130,1
DA:131,1
LF:50
LH:32
BRDA:5,0,0,0
BRDA:5,1,0,1
BRDA:6,2,0,1
BRDA:6,2,1,10
BRDA:9,3,0,1
BRDA:9,3,1,9
BRDA:45,4,0,1
BRDA:45,4,1,2
BRDA:51,5,0,1
BRDA:51,5,1,1
BRDA:74,6,0,0
BRDA:74,6,1,2
BRDA:74,7,0,2
BRDA:74,7,1,2
BRDA:89,8,0,0
BRDA:89,8,1,0
BRDA:99,9,0,0
BRDA:99,9,1,0
BRDA:110,10,0,0
BRDA:110,10,1,0
BRF:20
BRH:12
end_of_record
TN:
SF:src/rendering/SceneManager.js
FN:4,(anonymous_0)
FN:28,(anonymous_1)
FN:30,(anonymous_2)
FN:31,(anonymous_3)
FN:32,(anonymous_4)
FN:43,(anonymous_5)
FN:46,(anonymous_6)
FN:47,(anonymous_7)
FN:48,(anonymous_8)
FN:49,(anonymous_9)
FN:50,(anonymous_10)
FN:51,(anonymous_11)
FN:59,(anonymous_12)
FN:60,(anonymous_13)
FN:61,(anonymous_14)
FN:65,(anonymous_15)
FN:66,(anonymous_16)
FN:83,(anonymous_17)
FN:84,(anonymous_18)
FN:98,(anonymous_19)
FN:118,(anonymous_20)
FN:167,(anonymous_21)
FN:179,(anonymous_22)
FN:205,(anonymous_23)
FN:241,(anonymous_24)
FN:256,(anonymous_25)
FN:287,(anonymous_26)
FN:299,(anonymous_27)
FN:335,(anonymous_28)
FN:349,(anonymous_29)
FN:372,(anonymous_30)
FN:386,(anonymous_31)
FNF:32
FNH:6
FNDA:7,(anonymous_0)
FNDA:7,(anonymous_1)
FNDA:0,(anonymous_2)
FNDA:0,(anonymous_3)
FNDA:0,(anonymous_4)
FNDA:7,(anonymous_5)
FNDA:0,(anonymous_6)
FNDA:0,(anonymous_7)
FNDA:0,(anonymous_8)
FNDA:0,(anonymous_9)
FNDA:0,(anonymous_10)
FNDA:0,(anonymous_11)
FNDA:0,(anonymous_12)
FNDA:0,(anonymous_13)
FNDA:2,(anonymous_14)
FNDA:0,(anonymous_15)
FNDA:0,(anonymous_16)
FNDA:0,(anonymous_17)
FNDA:0,(anonymous_18)
FNDA:0,(anonymous_19)
FNDA:0,(anonymous_20)
FNDA:0,(anonymous_21)
FNDA:0,(anonymous_22)
FNDA:0,(anonymous_23)
FNDA:0,(anonymous_24)
FNDA:0,(anonymous_25)
FNDA:7,(anonymous_26)
FNDA:0,(anonymous_27)
FNDA:2,(anonymous_28)
FNDA:0,(anonymous_29)
FNDA:0,(anonymous_30)
FNDA:0,(anonymous_31)
DA:5,7
DA:6,7
DA:9,7
DA:10,7
DA:11,7
DA:14,7
DA:17,7
DA:18,7
DA:19,0
DA:20,0
DA:22,0
DA:25,7
DA:29,7
DA:45,7
DA:46,0
DA:47,0
DA:48,0
DA:49,0
DA:50,0
DA:51,0
DA:58,7
DA:65,0
DA:66,0
DA:94,7
DA:95,7
DA:99,0
DA:100,0
DA:103,0
DA:104,0
DA:108,0
DA:109,0
DA:111,0
DA:113,0
DA:114,0
DA:120,0
DA:121,0
DA:123,0
DA:124,0
DA:125,0
DA:126,0
DA:127,0
DA:128,0
DA:129,0
DA:130,0
DA:133,0
DA:136,0
DA:137,0
DA:138,0
DA:139,0
DA:140,0
DA:141,0
DA:142,0
DA:145,0
DA:167,0
DA:168,0
DA:169,0
DA:172,0
DA:173,0
DA:176,0
DA:181,0
DA:182,0
DA:183,0
DA:186,0
DA:187,0
DA:188,0
DA:189,0
DA:190,0
DA:191,0
DA:192,0
DA:193,0
DA:194,0
DA:195,0
DA:196,0
DA:197,0
DA:198,0
DA:201,0
DA:202,0
DA:206,0
DA:209,0
DA:210,0
DA:218,0
DA:219,0
DA:220,0
DA:221,0
DA:222,0
DA:223,0
DA:226,0
DA:227,0
DA:228,0
DA:229,0
DA:232,0
DA:233,0
DA:234,0
DA:237,0
DA:238,0
DA:242,0
DA:243,0
DA:248,0
DA:249,0
DA:250,0
DA:251,0
DA:252,0
DA:253,0
DA:258,0
DA:259,0
DA:260,0
DA:262,0
DA:263,0
DA:270,0
DA:273,0
DA:276,0
DA:277,0
DA:280,0
DA:281,0
DA:283,0
DA:284,0
DA:288,7
DA:291,7
DA:292,0
DA:293,0
DA:296,7
DA:300,0
DA:301,0
DA:302,0
DA:304,0
DA:305,0
DA:306,0
DA:308,0
DA:309,0
DA:310,0
DA:314,0
DA:315,0
DA:329,0
DA:330,0
DA:332,0
DA:336,2
DA:339,2
DA:340,0
DA:341,0
DA:344,0
DA:345,0
DA:347,0
DA:348,0
DA:349,0
DA:351,0
DA:357,2
DA:360,2
DA:361,2
DA:363,2
DA:364,2
DA:365,0
DA:369,2
DA:373,0
DA:376,0
DA:377,0
DA:378,0
DA:381,0
DA:382,0
DA:384,0
DA:385,0
DA:386,0
DA:388,0
DA:394,0
DA:397,0
DA:399,0
LF:165
LH:25
BRDA:4,0,0,0
BRDA:5,1,0,7
BRDA:5,1,1,0
BRDA:14,2,0,7
BRDA:14,2,1,0
BRDA:17,3,0,7
BRDA:17,3,1,0
BRDA:19,4,0,0
BRDA:19,4,1,0
BRDA:25,5,0,7
BRDA:25,5,1,0
BRDA:99,6,0,0
BRDA:99,6,1,0
BRDA:256,7,0,0
BRDA:287,8,0,0
BRDA:291,9,0,0
BRDA:291,9,1,7
BRDA:300,10,0,0
BRDA:300,10,1,0
BRDA:304,11,0,0
BRDA:304,11,1,0
BRDA:308,12,0,0
BRDA:308,12,1,0
BRDA:325,13,0,0
BRDA:325,13,1,0
BRDA:344,14,0,0
BRDA:344,14,1,0
BRDA:347,15,0,0
BRDA:347,15,1,0
BRDA:348,16,0,0
BRDA:348,16,1,0
BRDA:360,17,0,2
BRDA:360,17,1,0
BRDA:364,18,0,0
BRDA:364,18,1,2
BRDA:364,19,0,2
BRDA:364,19,1,2
BRDA:381,20,0,0
BRDA:381,20,1,0
BRDA:384,21,0,0
BRDA:384,21,1,0
BRDA:385,22,0,0
BRDA:385,22,1,0
BRF:43
BRH:9
end_of_record
